<?xml version="1.0" encoding="UTF-8"?>
<testng-results ignored="0" total="1" passed="1" failed="0" skipped="0">
  <reporter-output>
  </reporter-output>
  <suite started-at="2025-09-04T01:38:02 IST" name="Default suite" finished-at="2025-09-04T01:38:04 IST" duration-ms="1642">
    <groups>
    </groups>
    <test started-at="2025-09-04T01:38:02 IST" name="Default test" finished-at="2025-09-04T01:38:04 IST" duration-ms="1642">
      <class name="com.nopcommerce.tests.T001">
        <test-method signature="testcase1()[pri:0, instance:com.nopcommerce.tests.T001@4c371370]" started-at="2025-09-04T01:38:02 IST" name="testcase1" finished-at="2025-09-04T01:38:04 IST" duration-ms="1616" status="PASS">
          <reporter-output>
          </reporter-output>
        </test-method> <!-- testcase1 -->
      </class> <!-- com.nopcommerce.tests.T001 -->
    </test> <!-- Default test -->
  </suite> <!-- Default suite -->
</testng-results>
